  [1m[35m (6.9ms)[0m  [1m[35mCREATE TABLE "schema_migrations" ("version" varchar NOT NULL PRIMARY KEY)[0m
  [1m[35m (6.7ms)[0m  [1m[35mCREATE TABLE "ar_internal_metadata" ("key" varchar NOT NULL PRIMARY KEY, "value" varchar, "created_at" datetime NOT NULL, "updated_at" datetime NOT NULL)[0m
  [1m[36mActiveRecord::SchemaMigration Load (1.2ms)[0m  [1m[34mSELECT "schema_migrations".* FROM "schema_migrations"[0m
Migrating to CreateArtists (20170419100551)
  [1m[35m (0.1ms)[0m  [1m[36mbegin transaction[0m
  [1m[35m (3.4ms)[0m  [1m[35mCREATE TABLE "artists" ("id" INTEGER PRIMARY KEY AUTOINCREMENT NOT NULL, "name" varchar, "born" varchar, "died" varchar, "created_at" datetime NOT NULL, "updated_at" datetime NOT NULL)[0m
  [1m[35mSQL (0.8ms)[0m  [1m[32mINSERT INTO "schema_migrations" ("version") VALUES (?)[0m  [["version", "20170419100551"]]
  [1m[35m (4.0ms)[0m  [1m[36mcommit transaction[0m
Migrating to CreateArtworks (20170425095552)
  [1m[35m (0.1ms)[0m  [1m[36mbegin transaction[0m
  [1m[35m (3.6ms)[0m  [1m[35mCREATE TABLE "artworks" ("id" INTEGER PRIMARY KEY AUTOINCREMENT NOT NULL, "artist_id" integer, "title" varchar, "year" integer, "created_at" datetime NOT NULL, "updated_at" datetime NOT NULL)[0m
  [1m[35mSQL (0.6ms)[0m  [1m[32mINSERT INTO "schema_migrations" ("version") VALUES (?)[0m  [["version", "20170425095552"]]
  [1m[35m (3.9ms)[0m  [1m[36mcommit transaction[0m
Migrating to AddImageToArtworks (20170425113413)
  [1m[35m (0.1ms)[0m  [1m[36mbegin transaction[0m
  [1m[35m (3.9ms)[0m  [1m[35mALTER TABLE "artworks" ADD "image" varchar[0m
  [1m[35mSQL (0.9ms)[0m  [1m[32mINSERT INTO "schema_migrations" ("version") VALUES (?)[0m  [["version", "20170425113413"]]
  [1m[35m (4.1ms)[0m  [1m[36mcommit transaction[0m
Migrating to CreateGalleries (20170517081539)
  [1m[35m (0.1ms)[0m  [1m[36mbegin transaction[0m
  [1m[35m (3.8ms)[0m  [1m[35mCREATE TABLE "galleries" ("id" INTEGER PRIMARY KEY AUTOINCREMENT NOT NULL, "title" varchar, "teaser" text, "background" varchar, "created_at" datetime NOT NULL, "updated_at" datetime NOT NULL)[0m
  [1m[35mSQL (0.8ms)[0m  [1m[32mINSERT INTO "schema_migrations" ("version") VALUES (?)[0m  [["version", "20170517081539"]]
  [1m[35m (3.5ms)[0m  [1m[36mcommit transaction[0m
Migrating to CreateExhibitions (20170517081802)
  [1m[35m (0.1ms)[0m  [1m[36mbegin transaction[0m
  [1m[35m (3.3ms)[0m  [1m[35mCREATE TABLE "exhibitions" ("id" INTEGER PRIMARY KEY AUTOINCREMENT NOT NULL, "artwork_id" integer, "gallery_id" integer, "created_at" datetime NOT NULL, "updated_at" datetime NOT NULL)[0m
  [1m[35mSQL (0.8ms)[0m  [1m[32mINSERT INTO "schema_migrations" ("version") VALUES (?)[0m  [["version", "20170517081802"]]
  [1m[35m (4.3ms)[0m  [1m[36mcommit transaction[0m
Migrating to CreateAnnotations (20170524080134)
  [1m[35m (0.1ms)[0m  [1m[36mbegin transaction[0m
  [1m[35m (3.5ms)[0m  [1m[35mCREATE TABLE "annotations" ("id" INTEGER PRIMARY KEY AUTOINCREMENT NOT NULL, "body" text, "gallery_id" integer, "created_at" datetime NOT NULL, "updated_at" datetime NOT NULL)[0m
  [1m[35mSQL (0.7ms)[0m  [1m[32mINSERT INTO "schema_migrations" ("version") VALUES (?)[0m  [["version", "20170524080134"]]
  [1m[35m (3.7ms)[0m  [1m[36mcommit transaction[0m
Migrating to DeviseCreateUsers (20170524092906)
  [1m[35m (0.1ms)[0m  [1m[36mbegin transaction[0m
  [1m[35m (4.0ms)[0m  [1m[35mCREATE TABLE "users" ("id" INTEGER PRIMARY KEY AUTOINCREMENT NOT NULL, "email" varchar DEFAULT '' NOT NULL, "encrypted_password" varchar DEFAULT '' NOT NULL, "reset_password_token" varchar, "reset_password_sent_at" datetime, "remember_created_at" datetime, "sign_in_count" integer DEFAULT 0 NOT NULL, "current_sign_in_at" datetime, "last_sign_in_at" datetime, "current_sign_in_ip" varchar, "last_sign_in_ip" varchar, "created_at" datetime NOT NULL, "updated_at" datetime NOT NULL)[0m
  [1m[35m (0.1ms)[0m  [1m[34mselect sqlite_version(*)[0m
  [1m[35m (0.3ms)[0m  [1m[35mCREATE UNIQUE INDEX "index_users_on_email" ON "users" ("email")[0m
  [1m[35m (0.1ms)[0m  [1m[34m            SELECT sql
            FROM sqlite_master
            WHERE name='index_users_on_email' AND type='index'
            UNION ALL
            SELECT sql
            FROM sqlite_temp_master
            WHERE name='index_users_on_email' AND type='index'
[0m
  [1m[35m (0.2ms)[0m  [1m[35mCREATE UNIQUE INDEX "index_users_on_reset_password_token" ON "users" ("reset_password_token")[0m
  [1m[35mSQL (1.0ms)[0m  [1m[32mINSERT INTO "schema_migrations" ("version") VALUES (?)[0m  [["version", "20170524092906"]]
  [1m[35m (4.7ms)[0m  [1m[36mcommit transaction[0m
Migrating to AddRoleToUsers (20170531094647)
  [1m[35m (0.1ms)[0m  [1m[36mbegin transaction[0m
  [1m[35m (4.5ms)[0m  [1m[35mALTER TABLE "users" ADD "role" varchar DEFAULT 'guest'[0m
  [1m[35mSQL (0.7ms)[0m  [1m[32mINSERT INTO "schema_migrations" ("version") VALUES (?)[0m  [["version", "20170531094647"]]
  [1m[35m (3.2ms)[0m  [1m[36mcommit transaction[0m
Migrating to AddBannedToUser (20170607084813)
  [1m[35m (0.1ms)[0m  [1m[36mbegin transaction[0m
  [1m[35m (4.8ms)[0m  [1m[35mALTER TABLE "users" ADD "banned" boolean DEFAULT 'f'[0m
  [1m[35mSQL (0.8ms)[0m  [1m[32mINSERT INTO "schema_migrations" ("version") VALUES (?)[0m  [["version", "20170607084813"]]
  [1m[35m (3.7ms)[0m  [1m[36mcommit transaction[0m
  [1m[36mActiveRecord::InternalMetadata Load (2.2ms)[0m  [1m[34mSELECT  "ar_internal_metadata".* FROM "ar_internal_metadata" WHERE "ar_internal_metadata"."key" = ? LIMIT ?[0m  [["key", :environment], ["LIMIT", 1]]
  [1m[35m (0.1ms)[0m  [1m[36mbegin transaction[0m
  [1m[35mSQL (3.5ms)[0m  [1m[32mINSERT INTO "ar_internal_metadata" ("key", "value", "created_at", "updated_at") VALUES (?, ?, ?, ?)[0m  [["key", "environment"], ["value", "development"], ["created_at", 2017-06-13 22:51:35 UTC], ["updated_at", 2017-06-13 22:51:35 UTC]]
  [1m[35m (3.7ms)[0m  [1m[36mcommit transaction[0m
  [1m[36mActiveRecord::SchemaMigration Load (1.3ms)[0m  [1m[34mSELECT "schema_migrations".* FROM "schema_migrations"[0m
  [1m[35m (1.3ms)[0m  [1m[34m            SELECT sql
            FROM sqlite_master
            WHERE name='index_users_on_reset_password_token' AND type='index'
            UNION ALL
            SELECT sql
            FROM sqlite_temp_master
            WHERE name='index_users_on_reset_password_token' AND type='index'
[0m
  [1m[35m (1.3ms)[0m  [1m[34m            SELECT sql
            FROM sqlite_master
            WHERE name='index_users_on_email' AND type='index'
            UNION ALL
            SELECT sql
            FROM sqlite_temp_master
            WHERE name='index_users_on_email' AND type='index'
[0m
  [1m[36mActiveRecord::SchemaMigration Load (1.1ms)[0m  [1m[34mSELECT "schema_migrations".* FROM "schema_migrations"[0m
  [1m[36mActiveRecord::SchemaMigration Load (0.7ms)[0m  [1m[34mSELECT "schema_migrations".* FROM "schema_migrations"[0m
  [1m[35m (1.3ms)[0m  [1m[34mSELECT "ar_internal_metadata"."value" FROM "ar_internal_metadata" WHERE "ar_internal_metadata"."key" = ?[0m  [["key", :environment]]
  [1m[36mActiveRecord::SchemaMigration Load (0.8ms)[0m  [1m[34mSELECT "schema_migrations".* FROM "schema_migrations"[0m
  [1m[35m (0.9ms)[0m  [1m[34mSELECT "ar_internal_metadata"."value" FROM "ar_internal_metadata" WHERE "ar_internal_metadata"."key" = ?[0m  [["key", :environment]]
  [1m[36mActiveRecord::SchemaMigration Load (1.3ms)[0m  [1m[34mSELECT "schema_migrations".* FROM "schema_migrations"[0m
  [1m[35m (1.2ms)[0m  [1m[34mSELECT "ar_internal_metadata"."value" FROM "ar_internal_metadata" WHERE "ar_internal_metadata"."key" = ?[0m  [["key", :environment]]
DEPRECATION WARNING: Passing #original_exception is deprecated and has no effect. Exceptions will automatically capture the original exception. (called from <top (required)> at /media/sf_Share/HSEMuseum/db/seeds.rb:4)
  [1m[35m (8.0ms)[0m  [1m[35mCREATE TABLE "schema_migrations" ("version" varchar NOT NULL PRIMARY KEY)[0m
  [1m[35m (8.1ms)[0m  [1m[35mCREATE TABLE "ar_internal_metadata" ("key" varchar NOT NULL PRIMARY KEY, "value" varchar, "created_at" datetime NOT NULL, "updated_at" datetime NOT NULL)[0m
  [1m[36mActiveRecord::SchemaMigration Load (1.7ms)[0m  [1m[34mSELECT "schema_migrations".* FROM "schema_migrations"[0m
Migrating to CreateArtists (20170419100551)
  [1m[35m (0.1ms)[0m  [1m[36mbegin transaction[0m
  [1m[35m (3.9ms)[0m  [1m[35mCREATE TABLE "artists" ("id" INTEGER PRIMARY KEY AUTOINCREMENT NOT NULL, "name" varchar, "born" varchar, "died" varchar, "created_at" datetime NOT NULL, "updated_at" datetime NOT NULL)[0m
  [1m[35mSQL (0.9ms)[0m  [1m[32mINSERT INTO "schema_migrations" ("version") VALUES (?)[0m  [["version", "20170419100551"]]
  [1m[35m (4.0ms)[0m  [1m[36mcommit transaction[0m
Migrating to CreateArtworks (20170425095552)
  [1m[35m (0.1ms)[0m  [1m[36mbegin transaction[0m
  [1m[35m (3.4ms)[0m  [1m[35mCREATE TABLE "artworks" ("id" INTEGER PRIMARY KEY AUTOINCREMENT NOT NULL, "artist_id" integer, "title" varchar, "year" integer, "created_at" datetime NOT NULL, "updated_at" datetime NOT NULL)[0m
  [1m[35mSQL (0.6ms)[0m  [1m[32mINSERT INTO "schema_migrations" ("version") VALUES (?)[0m  [["version", "20170425095552"]]
  [1m[35m (3.7ms)[0m  [1m[36mcommit transaction[0m
Migrating to AddImageToArtworks (20170425113413)
  [1m[35m (0.1ms)[0m  [1m[36mbegin transaction[0m
  [1m[35m (2.7ms)[0m  [1m[35mALTER TABLE "artworks" ADD "image" varchar[0m
  [1m[35mSQL (0.8ms)[0m  [1m[32mINSERT INTO "schema_migrations" ("version") VALUES (?)[0m  [["version", "20170425113413"]]
  [1m[35m (4.5ms)[0m  [1m[36mcommit transaction[0m
Migrating to CreateGalleries (20170517081539)
  [1m[35m (0.1ms)[0m  [1m[36mbegin transaction[0m
  [1m[35m (3.5ms)[0m  [1m[35mCREATE TABLE "galleries" ("id" INTEGER PRIMARY KEY AUTOINCREMENT NOT NULL, "title" varchar, "teaser" text, "background" varchar, "created_at" datetime NOT NULL, "updated_at" datetime NOT NULL)[0m
  [1m[35mSQL (0.9ms)[0m  [1m[32mINSERT INTO "schema_migrations" ("version") VALUES (?)[0m  [["version", "20170517081539"]]
  [1m[35m (3.6ms)[0m  [1m[36mcommit transaction[0m
Migrating to CreateExhibitions (20170517081802)
  [1m[35m (0.1ms)[0m  [1m[36mbegin transaction[0m
  [1m[35m (4.2ms)[0m  [1m[35mCREATE TABLE "exhibitions" ("id" INTEGER PRIMARY KEY AUTOINCREMENT NOT NULL, "artwork_id" integer, "gallery_id" integer, "created_at" datetime NOT NULL, "updated_at" datetime NOT NULL)[0m
  [1m[35mSQL (1.0ms)[0m  [1m[32mINSERT INTO "schema_migrations" ("version") VALUES (?)[0m  [["version", "20170517081802"]]
  [1m[35m (4.0ms)[0m  [1m[36mcommit transaction[0m
Migrating to CreateAnnotations (20170524080134)
  [1m[35m (0.1ms)[0m  [1m[36mbegin transaction[0m
  [1m[35m (4.1ms)[0m  [1m[35mCREATE TABLE "annotations" ("id" INTEGER PRIMARY KEY AUTOINCREMENT NOT NULL, "body" text, "gallery_id" integer, "created_at" datetime NOT NULL, "updated_at" datetime NOT NULL)[0m
  [1m[35mSQL (1.0ms)[0m  [1m[32mINSERT INTO "schema_migrations" ("version") VALUES (?)[0m  [["version", "20170524080134"]]
  [1m[35m (3.5ms)[0m  [1m[36mcommit transaction[0m
Migrating to DeviseCreateUsers (20170524092906)
  [1m[35m (0.1ms)[0m  [1m[36mbegin transaction[0m
  [1m[35m (4.0ms)[0m  [1m[35mCREATE TABLE "users" ("id" INTEGER PRIMARY KEY AUTOINCREMENT NOT NULL, "email" varchar DEFAULT '' NOT NULL, "encrypted_password" varchar DEFAULT '' NOT NULL, "reset_password_token" varchar, "reset_password_sent_at" datetime, "remember_created_at" datetime, "sign_in_count" integer DEFAULT 0 NOT NULL, "current_sign_in_at" datetime, "last_sign_in_at" datetime, "current_sign_in_ip" varchar, "last_sign_in_ip" varchar, "created_at" datetime NOT NULL, "updated_at" datetime NOT NULL)[0m
  [1m[35m (0.1ms)[0m  [1m[34mselect sqlite_version(*)[0m
  [1m[35m (0.3ms)[0m  [1m[35mCREATE UNIQUE INDEX "index_users_on_email" ON "users" ("email")[0m
  [1m[35m (0.1ms)[0m  [1m[34m            SELECT sql
            FROM sqlite_master
            WHERE name='index_users_on_email' AND type='index'
            UNION ALL
            SELECT sql
            FROM sqlite_temp_master
            WHERE name='index_users_on_email' AND type='index'
[0m
  [1m[35m (0.2ms)[0m  [1m[35mCREATE UNIQUE INDEX "index_users_on_reset_password_token" ON "users" ("reset_password_token")[0m
  [1m[35mSQL (0.9ms)[0m  [1m[32mINSERT INTO "schema_migrations" ("version") VALUES (?)[0m  [["version", "20170524092906"]]
  [1m[35m (4.5ms)[0m  [1m[36mcommit transaction[0m
Migrating to AddRoleToUsers (20170531094647)
  [1m[35m (0.1ms)[0m  [1m[36mbegin transaction[0m
  [1m[35m (3.8ms)[0m  [1m[35mALTER TABLE "users" ADD "role" varchar DEFAULT 'guest'[0m
  [1m[35mSQL (0.7ms)[0m  [1m[32mINSERT INTO "schema_migrations" ("version") VALUES (?)[0m  [["version", "20170531094647"]]
  [1m[35m (3.5ms)[0m  [1m[36mcommit transaction[0m
Migrating to AddBannedToUser (20170607084813)
  [1m[35m (0.1ms)[0m  [1m[36mbegin transaction[0m
  [1m[35m (4.5ms)[0m  [1m[35mALTER TABLE "users" ADD "banned" boolean DEFAULT 'f'[0m
  [1m[35mSQL (1.7ms)[0m  [1m[32mINSERT INTO "schema_migrations" ("version") VALUES (?)[0m  [["version", "20170607084813"]]
  [1m[35m (3.9ms)[0m  [1m[36mcommit transaction[0m
  [1m[36mActiveRecord::InternalMetadata Load (1.7ms)[0m  [1m[34mSELECT  "ar_internal_metadata".* FROM "ar_internal_metadata" WHERE "ar_internal_metadata"."key" = ? LIMIT ?[0m  [["key", :environment], ["LIMIT", 1]]
  [1m[35m (0.1ms)[0m  [1m[36mbegin transaction[0m
  [1m[35mSQL (4.0ms)[0m  [1m[32mINSERT INTO "ar_internal_metadata" ("key", "value", "created_at", "updated_at") VALUES (?, ?, ?, ?)[0m  [["key", "environment"], ["value", "development"], ["created_at", 2017-06-13 22:51:43 UTC], ["updated_at", 2017-06-13 22:51:43 UTC]]
  [1m[35m (4.6ms)[0m  [1m[36mcommit transaction[0m
  [1m[36mActiveRecord::SchemaMigration Load (1.3ms)[0m  [1m[34mSELECT "schema_migrations".* FROM "schema_migrations"[0m
  [1m[35m (1.8ms)[0m  [1m[34m            SELECT sql
            FROM sqlite_master
            WHERE name='index_users_on_reset_password_token' AND type='index'
            UNION ALL
            SELECT sql
            FROM sqlite_temp_master
            WHERE name='index_users_on_reset_password_token' AND type='index'
[0m
  [1m[35m (0.8ms)[0m  [1m[34m            SELECT sql
            FROM sqlite_master
            WHERE name='index_users_on_email' AND type='index'
            UNION ALL
            SELECT sql
            FROM sqlite_temp_master
            WHERE name='index_users_on_email' AND type='index'
[0m
  [1m[35m (0.1ms)[0m  [1m[36mbegin transaction[0m
  [1m[36mUser Exists (1.5ms)[0m  [1m[34mSELECT  1 AS one FROM "users" WHERE "users"."email" = ? LIMIT ?[0m  [["email", "admin@admin.com"], ["LIMIT", 1]]
  [1m[35mSQL (2.7ms)[0m  [1m[32mINSERT INTO "users" ("email", "encrypted_password", "created_at", "updated_at", "role") VALUES (?, ?, ?, ?, ?)[0m  [["email", "admin@admin.com"], ["encrypted_password", "$2a$11$UvSs2tT88/GLrGizXb27oO293G3t82NDV3c5s/39n6OrUUE7rDBHe"], ["created_at", 2017-06-13 22:51:43 UTC], ["updated_at", 2017-06-13 22:51:43 UTC], ["role", "admin"]]
  [1m[35m (3.2ms)[0m  [1m[36mcommit transaction[0m
  [1m[35m (0.1ms)[0m  [1m[36mbegin transaction[0m
  [1m[36mUser Exists (1.7ms)[0m  [1m[34mSELECT  1 AS one FROM "users" WHERE "users"."email" = ? LIMIT ?[0m  [["email", "moderator@moderator.com"], ["LIMIT", 1]]
  [1m[35mSQL (3.1ms)[0m  [1m[32mINSERT INTO "users" ("email", "encrypted_password", "created_at", "updated_at", "role") VALUES (?, ?, ?, ?, ?)[0m  [["email", "moderator@moderator.com"], ["encrypted_password", "$2a$11$ctg2lN2OtG0vA0Wj/03TluIXW2.4MEPnfVDx8xMAUwAxouHQbjuxu"], ["created_at", 2017-06-13 22:51:44 UTC], ["updated_at", 2017-06-13 22:51:44 UTC], ["role", "moderator"]]
  [1m[35m (4.0ms)[0m  [1m[36mcommit transaction[0m
  [1m[35m (0.1ms)[0m  [1m[36mbegin transaction[0m
  [1m[36mUser Exists (1.6ms)[0m  [1m[34mSELECT  1 AS one FROM "users" WHERE "users"."email" = ? LIMIT ?[0m  [["email", "content@content.com"], ["LIMIT", 1]]
  [1m[35mSQL (3.4ms)[0m  [1m[32mINSERT INTO "users" ("email", "encrypted_password", "created_at", "updated_at", "role") VALUES (?, ?, ?, ?, ?)[0m  [["email", "content@content.com"], ["encrypted_password", "$2a$11$qgJLoOIOmXwmQqGT3O/rTuiRyYVgeVzO7M3Q60FtWiIbzysRU16zG"], ["created_at", 2017-06-13 22:51:44 UTC], ["updated_at", 2017-06-13 22:51:44 UTC], ["role", "content"]]
  [1m[35m (4.3ms)[0m  [1m[36mcommit transaction[0m
  [1m[35m (0.1ms)[0m  [1m[36mbegin transaction[0m
  [1m[36mUser Exists (1.8ms)[0m  [1m[34mSELECT  1 AS one FROM "users" WHERE "users"."email" = ? LIMIT ?[0m  [["email", "user@user.com"], ["LIMIT", 1]]
  [1m[35mSQL (3.4ms)[0m  [1m[32mINSERT INTO "users" ("email", "encrypted_password", "created_at", "updated_at", "role") VALUES (?, ?, ?, ?, ?)[0m  [["email", "user@user.com"], ["encrypted_password", "$2a$11$uzYlepOLJnPzmAikspSmduuwd/Ux66CbgndOV4z7Te/NYmiEDnRku"], ["created_at", 2017-06-13 22:51:44 UTC], ["updated_at", 2017-06-13 22:51:44 UTC], ["role", "user"]]
  [1m[35m (3.8ms)[0m  [1m[36mcommit transaction[0m
  [1m[35m (0.1ms)[0m  [1m[36mbegin transaction[0m
  [1m[36mUser Exists (1.9ms)[0m  [1m[34mSELECT  1 AS one FROM "users" WHERE "users"."email" = ? LIMIT ?[0m  [["email", "banned@user.com"], ["LIMIT", 1]]
  [1m[35mSQL (3.7ms)[0m  [1m[32mINSERT INTO "users" ("email", "encrypted_password", "created_at", "updated_at", "role", "banned") VALUES (?, ?, ?, ?, ?, ?)[0m  [["email", "banned@user.com"], ["encrypted_password", "$2a$11$2CWevOFXtY62du.DRmhcsOuU6/gSq2G4vOz3PiEbT2HoMj/jXjhxW"], ["created_at", 2017-06-13 22:51:44 UTC], ["updated_at", 2017-06-13 22:51:44 UTC], ["role", "user"], ["banned", true]]
  [1m[35m (4.0ms)[0m  [1m[36mcommit transaction[0m
  [1m[35m (0.1ms)[0m  [1m[36mbegin transaction[0m
  [1m[35mSQL (4.6ms)[0m  [1m[32mINSERT INTO "artists" ("name", "born", "died", "created_at", "updated_at") VALUES (?, ?, ?, ?, ?)[0m  [["name", "Казимир Малевич"], ["born", "1879"], ["died", "1935"], ["created_at", 2017-06-13 22:51:44 UTC], ["updated_at", 2017-06-13 22:51:44 UTC]]
  [1m[35m (3.6ms)[0m  [1m[36mcommit transaction[0m
  [1m[35m (0.1ms)[0m  [1m[36mbegin transaction[0m
  [1m[35mSQL (3.7ms)[0m  [1m[32mINSERT INTO "artists" ("name", "born", "died", "created_at", "updated_at") VALUES (?, ?, ?, ?, ?)[0m  [["name", "Владимир Татлин"], ["born", "1885"], ["died", "1953"], ["created_at", 2017-06-13 22:51:44 UTC], ["updated_at", 2017-06-13 22:51:44 UTC]]
  [1m[35m (4.5ms)[0m  [1m[36mcommit transaction[0m
  [1m[35m (0.1ms)[0m  [1m[36mbegin transaction[0m
  [1m[35mSQL (3.5ms)[0m  [1m[32mINSERT INTO "artists" ("name", "born", "died", "created_at", "updated_at") VALUES (?, ?, ?, ?, ?)[0m  [["name", "Павел Филонов"], ["born", "1883"], ["died", "1941"], ["created_at", 2017-06-13 22:51:44 UTC], ["updated_at", 2017-06-13 22:51:44 UTC]]
  [1m[35m (3.6ms)[0m  [1m[36mcommit transaction[0m
  [1m[35m (0.1ms)[0m  [1m[36mbegin transaction[0m
  [1m[35mSQL (3.6ms)[0m  [1m[32mINSERT INTO "artists" ("name", "born", "died", "created_at", "updated_at") VALUES (?, ?, ?, ?, ?)[0m  [["name", "Илья Чашник"], ["born", "1902"], ["died", "1929"], ["created_at", 2017-06-13 22:51:44 UTC], ["updated_at", 2017-06-13 22:51:44 UTC]]
  [1m[35m (4.2ms)[0m  [1m[36mcommit transaction[0m
  [1m[35m (0.1ms)[0m  [1m[36mbegin transaction[0m
  [1m[35mSQL (2.8ms)[0m  [1m[32mINSERT INTO "artists" ("name", "born", "died", "created_at", "updated_at") VALUES (?, ?, ?, ?, ?)[0m  [["name", "Марк Шагал"], ["born", "1887"], ["died", "1985"], ["created_at", 2017-06-13 22:51:44 UTC], ["updated_at", 2017-06-13 22:51:44 UTC]]
  [1m[35m (3.9ms)[0m  [1m[36mcommit transaction[0m
  [1m[35m (0.1ms)[0m  [1m[36mbegin transaction[0m
  [1m[35mSQL (4.0ms)[0m  [1m[32mINSERT INTO "artists" ("name", "born", "died", "created_at", "updated_at") VALUES (?, ?, ?, ?, ?)[0m  [["name", "Эль Лисицкий"], ["born", "1890"], ["died", "1941"], ["created_at", 2017-06-13 22:51:44 UTC], ["updated_at", 2017-06-13 22:51:44 UTC]]
  [1m[35m (3.4ms)[0m  [1m[36mcommit transaction[0m
  [1m[35m (0.1ms)[0m  [1m[36mbegin transaction[0m
  [1m[35mSQL (4.8ms)[0m  [1m[32mINSERT INTO "artists" ("name", "born", "died", "created_at", "updated_at") VALUES (?, ?, ?, ?, ?)[0m  [["name", "Александр Родченко"], ["born", "1891"], ["died", "1956"], ["created_at", 2017-06-13 22:51:44 UTC], ["updated_at", 2017-06-13 22:51:44 UTC]]
  [1m[35m (3.6ms)[0m  [1m[36mcommit transaction[0m
  [1m[35m (1.4ms)[0m  [1m[34mSELECT COUNT(*) FROM "artists"[0m
  [1m[36mArtist Load (2.0ms)[0m  [1m[34mSELECT  "artists".* FROM "artists" ORDER BY "artists"."id" ASC LIMIT ? OFFSET ?[0m  [["LIMIT", 1], ["OFFSET", 0]]
  [1m[35m (0.1ms)[0m  [1m[36mbegin transaction[0m
  [1m[35mSQL (3.8ms)[0m  [1m[32mINSERT INTO "artworks" ("artist_id", "title", "year", "created_at", "updated_at", "image") VALUES (?, ?, ?, ?, ?, ?)[0m  [["artist_id", 1], ["title", "Черный квадрат"], ["year", 1905], ["created_at", 2017-06-13 22:51:44 UTC], ["updated_at", 2017-06-13 22:51:44 UTC], ["image", "2.jpeg"]]
  [1m[35m (3.5ms)[0m  [1m[36mcommit transaction[0m
  [1m[35m (2.1ms)[0m  [1m[34mSELECT COUNT(*) FROM "artists"[0m
  [1m[36mArtist Load (1.7ms)[0m  [1m[34mSELECT  "artists".* FROM "artists" ORDER BY "artists"."id" ASC LIMIT ? OFFSET ?[0m  [["LIMIT", 1], ["OFFSET", 2]]
  [1m[35m (0.1ms)[0m  [1m[36mbegin transaction[0m
  [1m[35mSQL (2.9ms)[0m  [1m[32mINSERT INTO "artworks" ("artist_id", "title", "year", "created_at", "updated_at", "image") VALUES (?, ?, ?, ?, ?, ?)[0m  [["artist_id", 3], ["title", "Амазонка"], ["year", 1900], ["created_at", 2017-06-13 22:51:44 UTC], ["updated_at", 2017-06-13 22:51:44 UTC], ["image", "1.jpg"]]
  [1m[35m (3.0ms)[0m  [1m[36mcommit transaction[0m
  [1m[35m (1.9ms)[0m  [1m[34mSELECT COUNT(*) FROM "artists"[0m
  [1m[36mArtist Load (1.4ms)[0m  [1m[34mSELECT  "artists".* FROM "artists" ORDER BY "artists"."id" ASC LIMIT ? OFFSET ?[0m  [["LIMIT", 1], ["OFFSET", 3]]
  [1m[35m (0.1ms)[0m  [1m[36mbegin transaction[0m
  [1m[35mSQL (3.0ms)[0m  [1m[32mINSERT INTO "artworks" ("artist_id", "title", "year", "created_at", "updated_at", "image") VALUES (?, ?, ?, ?, ?, ?)[0m  [["artist_id", 4], ["title", "Амазонка"], ["year", 1927], ["created_at", 2017-06-13 22:51:45 UTC], ["updated_at", 2017-06-13 22:51:45 UTC], ["image", "3.jpeg"]]
  [1m[35m (3.5ms)[0m  [1m[36mcommit transaction[0m
  [1m[35m (2.3ms)[0m  [1m[34mSELECT COUNT(*) FROM "artists"[0m
  [1m[36mArtist Load (1.6ms)[0m  [1m[34mSELECT  "artists".* FROM "artists" ORDER BY "artists"."id" ASC LIMIT ? OFFSET ?[0m  [["LIMIT", 1], ["OFFSET", 3]]
  [1m[35m (0.1ms)[0m  [1m[36mbegin transaction[0m
  [1m[35mSQL (3.1ms)[0m  [1m[32mINSERT INTO "artworks" ("artist_id", "title", "year", "created_at", "updated_at", "image") VALUES (?, ?, ?, ?, ?, ?)[0m  [["artist_id", 4], ["title", "Черный квадрат"], ["year", 1868], ["created_at", 2017-06-13 22:51:45 UTC], ["updated_at", 2017-06-13 22:51:45 UTC], ["image", "3.jpeg"]]
  [1m[35m (3.5ms)[0m  [1m[36mcommit transaction[0m
  [1m[35m (1.6ms)[0m  [1m[34mSELECT COUNT(*) FROM "artists"[0m
  [1m[36mArtist Load (1.5ms)[0m  [1m[34mSELECT  "artists".* FROM "artists" ORDER BY "artists"."id" ASC LIMIT ? OFFSET ?[0m  [["LIMIT", 1], ["OFFSET", 1]]
  [1m[35m (0.1ms)[0m  [1m[36mbegin transaction[0m
  [1m[35mSQL (3.2ms)[0m  [1m[32mINSERT INTO "artworks" ("artist_id", "title", "year", "created_at", "updated_at", "image") VALUES (?, ?, ?, ?, ?, ?)[0m  [["artist_id", 2], ["title", "Черный квадрат"], ["year", 1876], ["created_at", 2017-06-13 22:51:45 UTC], ["updated_at", 2017-06-13 22:51:45 UTC], ["image", "3.jpeg"]]
  [1m[35m (4.1ms)[0m  [1m[36mcommit transaction[0m
  [1m[35m (1.9ms)[0m  [1m[34mSELECT COUNT(*) FROM "artists"[0m
  [1m[36mArtist Load (2.1ms)[0m  [1m[34mSELECT  "artists".* FROM "artists" ORDER BY "artists"."id" ASC LIMIT ? OFFSET ?[0m  [["LIMIT", 1], ["OFFSET", 5]]
  [1m[35m (0.1ms)[0m  [1m[36mbegin transaction[0m
  [1m[35mSQL (2.5ms)[0m  [1m[32mINSERT INTO "artworks" ("artist_id", "title", "year", "created_at", "updated_at", "image") VALUES (?, ?, ?, ?, ?, ?)[0m  [["artist_id", 6], ["title", "Черный квадрат"], ["year", 1855], ["created_at", 2017-06-13 22:51:45 UTC], ["updated_at", 2017-06-13 22:51:45 UTC], ["image", "1.jpg"]]
  [1m[35m (4.4ms)[0m  [1m[36mcommit transaction[0m
  [1m[35m (1.8ms)[0m  [1m[34mSELECT COUNT(*) FROM "artists"[0m
  [1m[36mArtist Load (1.3ms)[0m  [1m[34mSELECT  "artists".* FROM "artists" ORDER BY "artists"."id" ASC LIMIT ? OFFSET ?[0m  [["LIMIT", 1], ["OFFSET", 1]]
  [1m[35m (0.1ms)[0m  [1m[36mbegin transaction[0m
  [1m[35mSQL (3.9ms)[0m  [1m[32mINSERT INTO "artworks" ("artist_id", "title", "year", "created_at", "updated_at", "image") VALUES (?, ?, ?, ?, ?, ?)[0m  [["artist_id", 2], ["title", "Черный квадрат"], ["year", 1913], ["created_at", 2017-06-13 22:51:45 UTC], ["updated_at", 2017-06-13 22:51:45 UTC], ["image", "1.jpg"]]
  [1m[35m (6.2ms)[0m  [1m[36mcommit transaction[0m
  [1m[35m (2.0ms)[0m  [1m[34mSELECT COUNT(*) FROM "artists"[0m
  [1m[36mArtist Load (1.7ms)[0m  [1m[34mSELECT  "artists".* FROM "artists" ORDER BY "artists"."id" ASC LIMIT ? OFFSET ?[0m  [["LIMIT", 1], ["OFFSET", 6]]
  [1m[35m (0.1ms)[0m  [1m[36mbegin transaction[0m
  [1m[35mSQL (3.0ms)[0m  [1m[32mINSERT INTO "artworks" ("artist_id", "title", "year", "created_at", "updated_at", "image") VALUES (?, ?, ?, ?, ?, ?)[0m  [["artist_id", 7], ["title", "Черный квадрат"], ["year", 1938], ["created_at", 2017-06-13 22:51:45 UTC], ["updated_at", 2017-06-13 22:51:45 UTC], ["image", "1.jpg"]]
  [1m[35m (4.2ms)[0m  [1m[36mcommit transaction[0m
  [1m[35m (2.1ms)[0m  [1m[34mSELECT COUNT(*) FROM "artists"[0m
  [1m[36mArtist Load (1.6ms)[0m  [1m[34mSELECT  "artists".* FROM "artists" ORDER BY "artists"."id" ASC LIMIT ? OFFSET ?[0m  [["LIMIT", 1], ["OFFSET", 4]]
  [1m[35m (0.1ms)[0m  [1m[36mbegin transaction[0m
  [1m[35mSQL (3.2ms)[0m  [1m[32mINSERT INTO "artworks" ("artist_id", "title", "year", "created_at", "updated_at", "image") VALUES (?, ?, ?, ?, ?, ?)[0m  [["artist_id", 5], ["title", "Черный квадрат"], ["year", 1877], ["created_at", 2017-06-13 22:51:45 UTC], ["updated_at", 2017-06-13 22:51:45 UTC], ["image", "2.jpeg"]]
  [1m[35m (3.3ms)[0m  [1m[36mcommit transaction[0m
  [1m[35m (1.9ms)[0m  [1m[34mSELECT COUNT(*) FROM "artists"[0m
  [1m[36mArtist Load (1.6ms)[0m  [1m[34mSELECT  "artists".* FROM "artists" ORDER BY "artists"."id" ASC LIMIT ? OFFSET ?[0m  [["LIMIT", 1], ["OFFSET", 2]]
  [1m[35m (0.1ms)[0m  [1m[36mbegin transaction[0m
  [1m[35mSQL (3.5ms)[0m  [1m[32mINSERT INTO "artworks" ("artist_id", "title", "year", "created_at", "updated_at", "image") VALUES (?, ?, ?, ?, ?, ?)[0m  [["artist_id", 3], ["title", "Башня третьего интернационала"], ["year", 1927], ["created_at", 2017-06-13 22:51:45 UTC], ["updated_at", 2017-06-13 22:51:45 UTC], ["image", "1.jpg"]]
  [1m[35m (3.3ms)[0m  [1m[36mcommit transaction[0m
  [1m[35m (0.1ms)[0m  [1m[36mbegin transaction[0m
  [1m[35mSQL (3.8ms)[0m  [1m[32mINSERT INTO "galleries" ("title", "teaser", "background", "created_at", "updated_at") VALUES (?, ?, ?, ?, ?)[0m  [["title", "Супрематизм"], ["teaser", "Супремати́зм — направление в авангардистском искусстве, основанное в 1-й половине 1910-х годов К. С. Малевичем. Являясь разновидностью абстракционизма, супрематизм выражался в комбинациях разноцветных плоскостей простейших геометрических очертаний."], ["background", "c21d07"], ["created_at", 2017-06-13 22:51:45 UTC], ["updated_at", 2017-06-13 22:51:45 UTC]]
  [1m[35m (4.5ms)[0m  [1m[36mcommit transaction[0m
  [1m[35m (0.1ms)[0m  [1m[36mbegin transaction[0m
  [1m[35mSQL (4.1ms)[0m  [1m[32mINSERT INTO "galleries" ("title", "teaser", "background", "created_at", "updated_at") VALUES (?, ?, ?, ?, ?)[0m  [["title", "Кубизм"], ["teaser", "Куби́зм (фр. Cubisme) — модернистское направление в изобразительном искусстве, прежде всего в живописи, зародившееся в начале XX века во Франции и характеризующееся использованием подчёркнуто геометризованных условных форм, стремлением «раздробить» реальные объекты на стереометрические примитивы."], ["background", "8cf889"], ["created_at", 2017-06-13 22:51:45 UTC], ["updated_at", 2017-06-13 22:51:45 UTC]]
  [1m[35m (4.8ms)[0m  [1m[36mcommit transaction[0m
  [1m[35m (0.1ms)[0m  [1m[36mbegin transaction[0m
  [1m[35mSQL (3.9ms)[0m  [1m[32mINSERT INTO "galleries" ("title", "teaser", "background", "created_at", "updated_at") VALUES (?, ?, ?, ?, ?)[0m  [["title", "Авангард"], ["teaser", "Аванга́рд (фр. avant-garde — передовой отряд), авангарди́зм — обобщающее название течений в мировом, прежде всего в европейском искусстве, возникших на рубеже XIX и XX веков."], ["background", "c7ce75"], ["created_at", 2017-06-13 22:51:45 UTC], ["updated_at", 2017-06-13 22:51:45 UTC]]
  [1m[35m (3.5ms)[0m  [1m[36mcommit transaction[0m
  [1m[35m (0.1ms)[0m  [1m[36mbegin transaction[0m
  [1m[35mSQL (3.3ms)[0m  [1m[32mINSERT INTO "galleries" ("title", "teaser", "background", "created_at", "updated_at") VALUES (?, ?, ?, ?, ?)[0m  [["title", "Минимализм"], ["teaser", "Минимализм (англ. minimalism от лат. minimus — наименьший) — стиль в дизайне, характеризующийся лаконичностью выразительных средств, простотой, точностью и ясностью композиции. Отвергая классические приёмы творчества и традиционные художественные материалы, минималисты используют промышленные и природные материалы простых геометрических форм, нейтральных цветов (чёрный, серый) и малых объёмов. Истоки минимализма лежат в конструктивизме и функционализме."], ["background", "709372"], ["created_at", 2017-06-13 22:51:45 UTC], ["updated_at", 2017-06-13 22:51:45 UTC]]
  [1m[35m (3.0ms)[0m  [1m[36mcommit transaction[0m
  [1m[36mGallery Load (1.4ms)[0m  [1m[34mSELECT "galleries".* FROM "galleries"[0m
  [1m[36mArtwork Load (1.6ms)[0m  [1m[34mSELECT "artworks".* FROM "artworks"[0m
  [1m[35m (0.1ms)[0m  [1m[36mbegin transaction[0m
  [1m[35mSQL (2.0ms)[0m  [1m[32mINSERT INTO "exhibitions" ("artwork_id", "gallery_id", "created_at", "updated_at") VALUES (?, ?, ?, ?)[0m  [["artwork_id", 9], ["gallery_id", 1], ["created_at", 2017-06-13 22:51:45 UTC], ["updated_at", 2017-06-13 22:51:45 UTC]]
  [1m[35m (3.5ms)[0m  [1m[36mcommit transaction[0m
  [1m[35m (0.1ms)[0m  [1m[36mbegin transaction[0m
  [1m[35mSQL (3.9ms)[0m  [1m[32mINSERT INTO "exhibitions" ("artwork_id", "gallery_id", "created_at", "updated_at") VALUES (?, ?, ?, ?)[0m  [["artwork_id", 5], ["gallery_id", 1], ["created_at", 2017-06-13 22:51:45 UTC], ["updated_at", 2017-06-13 22:51:45 UTC]]
  [1m[35m (4.0ms)[0m  [1m[36mcommit transaction[0m
  [1m[35m (0.1ms)[0m  [1m[36mbegin transaction[0m
  [1m[35mSQL (2.8ms)[0m  [1m[32mINSERT INTO "exhibitions" ("artwork_id", "gallery_id", "created_at", "updated_at") VALUES (?, ?, ?, ?)[0m  [["artwork_id", 5], ["gallery_id", 1], ["created_at", 2017-06-13 22:51:45 UTC], ["updated_at", 2017-06-13 22:51:45 UTC]]
  [1m[35m (3.7ms)[0m  [1m[36mcommit transaction[0m
  [1m[35m (0.1ms)[0m  [1m[36mbegin transaction[0m
  [1m[35mSQL (2.7ms)[0m  [1m[32mINSERT INTO "exhibitions" ("artwork_id", "gallery_id", "created_at", "updated_at") VALUES (?, ?, ?, ?)[0m  [["artwork_id", 1], ["gallery_id", 1], ["created_at", 2017-06-13 22:51:45 UTC], ["updated_at", 2017-06-13 22:51:45 UTC]]
  [1m[35m (5.0ms)[0m  [1m[36mcommit transaction[0m
  [1m[35m (0.1ms)[0m  [1m[36mbegin transaction[0m
  [1m[35mSQL (3.8ms)[0m  [1m[32mINSERT INTO "exhibitions" ("artwork_id", "gallery_id", "created_at", "updated_at") VALUES (?, ?, ?, ?)[0m  [["artwork_id", 10], ["gallery_id", 1], ["created_at", 2017-06-13 22:51:46 UTC], ["updated_at", 2017-06-13 22:51:46 UTC]]
  [1m[35m (4.1ms)[0m  [1m[36mcommit transaction[0m
  [1m[35m (0.1ms)[0m  [1m[36mbegin transaction[0m
  [1m[35mSQL (3.6ms)[0m  [1m[32mINSERT INTO "exhibitions" ("artwork_id", "gallery_id", "created_at", "updated_at") VALUES (?, ?, ?, ?)[0m  [["artwork_id", 9], ["gallery_id", 1], ["created_at", 2017-06-13 22:51:46 UTC], ["updated_at", 2017-06-13 22:51:46 UTC]]
  [1m[35m (3.6ms)[0m  [1m[36mcommit transaction[0m
  [1m[35m (0.1ms)[0m  [1m[36mbegin transaction[0m
  [1m[35mSQL (3.6ms)[0m  [1m[32mINSERT INTO "exhibitions" ("artwork_id", "gallery_id", "created_at", "updated_at") VALUES (?, ?, ?, ?)[0m  [["artwork_id", 10], ["gallery_id", 1], ["created_at", 2017-06-13 22:51:46 UTC], ["updated_at", 2017-06-13 22:51:46 UTC]]
  [1m[35m (4.6ms)[0m  [1m[36mcommit transaction[0m
  [1m[35m (0.1ms)[0m  [1m[36mbegin transaction[0m
  [1m[35mSQL (5.1ms)[0m  [1m[32mINSERT INTO "exhibitions" ("artwork_id", "gallery_id", "created_at", "updated_at") VALUES (?, ?, ?, ?)[0m  [["artwork_id", 2], ["gallery_id", 1], ["created_at", 2017-06-13 22:51:46 UTC], ["updated_at", 2017-06-13 22:51:46 UTC]]
  [1m[35m (4.2ms)[0m  [1m[36mcommit transaction[0m
  [1m[35m (0.2ms)[0m  [1m[36mbegin transaction[0m
  [1m[35mSQL (7.1ms)[0m  [1m[32mINSERT INTO "exhibitions" ("artwork_id", "gallery_id", "created_at", "updated_at") VALUES (?, ?, ?, ?)[0m  [["artwork_id", 7], ["gallery_id", 1], ["created_at", 2017-06-13 22:51:46 UTC], ["updated_at", 2017-06-13 22:51:46 UTC]]
  [1m[35m (3.6ms)[0m  [1m[36mcommit transaction[0m
  [1m[35m (0.1ms)[0m  [1m[36mbegin transaction[0m
  [1m[35mSQL (3.7ms)[0m  [1m[32mINSERT INTO "exhibitions" ("artwork_id", "gallery_id", "created_at", "updated_at") VALUES (?, ?, ?, ?)[0m  [["artwork_id", 3], ["gallery_id", 1], ["created_at", 2017-06-13 22:51:46 UTC], ["updated_at", 2017-06-13 22:51:46 UTC]]
  [1m[35m (4.9ms)[0m  [1m[36mcommit transaction[0m
  [1m[35m (0.1ms)[0m  [1m[36mbegin transaction[0m
  [1m[35mSQL (3.3ms)[0m  [1m[32mINSERT INTO "exhibitions" ("artwork_id", "gallery_id", "created_at", "updated_at") VALUES (?, ?, ?, ?)[0m  [["artwork_id", 3], ["gallery_id", 1], ["created_at", 2017-06-13 22:51:46 UTC], ["updated_at", 2017-06-13 22:51:46 UTC]]
  [1m[35m (5.9ms)[0m  [1m[36mcommit transaction[0m
  [1m[35m (0.3ms)[0m  [1m[36mbegin transaction[0m
  [1m[35mSQL (4.2ms)[0m  [1m[32mINSERT INTO "exhibitions" ("artwork_id", "gallery_id", "created_at", "updated_at") VALUES (?, ?, ?, ?)[0m  [["artwork_id", 3], ["gallery_id", 1], ["created_at", 2017-06-13 22:51:46 UTC], ["updated_at", 2017-06-13 22:51:46 UTC]]
  [1m[35m (2.0ms)[0m  [1m[36mcommit transaction[0m
  [1m[35m (0.1ms)[0m  [1m[36mbegin transaction[0m
  [1m[35mSQL (3.1ms)[0m  [1m[32mINSERT INTO "exhibitions" ("artwork_id", "gallery_id", "created_at", "updated_at") VALUES (?, ?, ?, ?)[0m  [["artwork_id", 7], ["gallery_id", 1], ["created_at", 2017-06-13 22:51:46 UTC], ["updated_at", 2017-06-13 22:51:46 UTC]]
  [1m[35m (3.5ms)[0m  [1m[36mcommit transaction[0m
  [1m[35m (0.1ms)[0m  [1m[36mbegin transaction[0m
  [1m[35mSQL (4.0ms)[0m  [1m[32mINSERT INTO "exhibitions" ("artwork_id", "gallery_id", "created_at", "updated_at") VALUES (?, ?, ?, ?)[0m  [["artwork_id", 4], ["gallery_id", 1], ["created_at", 2017-06-13 22:51:46 UTC], ["updated_at", 2017-06-13 22:51:46 UTC]]
  [1m[35m (3.6ms)[0m  [1m[36mcommit transaction[0m
  [1m[35m (0.2ms)[0m  [1m[36mbegin transaction[0m
  [1m[35mSQL (4.1ms)[0m  [1m[32mINSERT INTO "exhibitions" ("artwork_id", "gallery_id", "created_at", "updated_at") VALUES (?, ?, ?, ?)[0m  [["artwork_id", 5], ["gallery_id", 1], ["created_at", 2017-06-13 22:51:46 UTC], ["updated_at", 2017-06-13 22:51:46 UTC]]
  [1m[35m (3.6ms)[0m  [1m[36mcommit transaction[0m
  [1m[35m (0.1ms)[0m  [1m[36mbegin transaction[0m
  [1m[35mSQL (3.1ms)[0m  [1m[32mINSERT INTO "exhibitions" ("artwork_id", "gallery_id", "created_at", "updated_at") VALUES (?, ?, ?, ?)[0m  [["artwork_id", 2], ["gallery_id", 1], ["created_at", 2017-06-13 22:51:46 UTC], ["updated_at", 2017-06-13 22:51:46 UTC]]
  [1m[35m (2.9ms)[0m  [1m[36mcommit transaction[0m
  [1m[35m (0.1ms)[0m  [1m[36mbegin transaction[0m
  [1m[35mSQL (4.0ms)[0m  [1m[32mINSERT INTO "exhibitions" ("artwork_id", "gallery_id", "created_at", "updated_at") VALUES (?, ?, ?, ?)[0m  [["artwork_id", 7], ["gallery_id", 1], ["created_at", 2017-06-13 22:51:46 UTC], ["updated_at", 2017-06-13 22:51:46 UTC]]
  [1m[35m (5.0ms)[0m  [1m[36mcommit transaction[0m
  [1m[35m (0.1ms)[0m  [1m[36mbegin transaction[0m
  [1m[35mSQL (4.3ms)[0m  [1m[32mINSERT INTO "exhibitions" ("artwork_id", "gallery_id", "created_at", "updated_at") VALUES (?, ?, ?, ?)[0m  [["artwork_id", 5], ["gallery_id", 1], ["created_at", 2017-06-13 22:51:46 UTC], ["updated_at", 2017-06-13 22:51:46 UTC]]
  [1m[35m (4.5ms)[0m  [1m[36mcommit transaction[0m
  [1m[35m (0.1ms)[0m  [1m[36mbegin transaction[0m
  [1m[35mSQL (3.6ms)[0m  [1m[32mINSERT INTO "exhibitions" ("artwork_id", "gallery_id", "created_at", "updated_at") VALUES (?, ?, ?, ?)[0m  [["artwork_id", 1], ["gallery_id", 1], ["created_at", 2017-06-13 22:51:46 UTC], ["updated_at", 2017-06-13 22:51:46 UTC]]
  [1m[35m (3.1ms)[0m  [1m[36mcommit transaction[0m
  [1m[35m (0.1ms)[0m  [1m[36mbegin transaction[0m
  [1m[35mSQL (3.3ms)[0m  [1m[32mINSERT INTO "exhibitions" ("artwork_id", "gallery_id", "created_at", "updated_at") VALUES (?, ?, ?, ?)[0m  [["artwork_id", 4], ["gallery_id", 1], ["created_at", 2017-06-13 22:51:46 UTC], ["updated_at", 2017-06-13 22:51:46 UTC]]
  [1m[35m (3.6ms)[0m  [1m[36mcommit transaction[0m
  [1m[35m (0.2ms)[0m  [1m[36mbegin transaction[0m
  [1m[35mSQL (2.1ms)[0m  [1m[32mINSERT INTO "annotations" ("body", "gallery_id", "created_at", "updated_at") VALUES (?, ?, ?, ?)[0m  [["body", "Минимализм (англ. minimalism от лат. minimus — наименьший) — стиль в дизайне, характеризующийся лаконичностью выразительных средств, простотой, точностью и ясностью композиции. Отвергая классические приёмы творчества и традиционные художественные материалы, минималисты используют промышленные и природные материалы простых геометрических форм, нейтральных цветов (чёрный, серый) и малых объёмов. Истоки минимализма лежат в конструктивизме и функционализме."], ["gallery_id", 1], ["created_at", 2017-06-13 22:51:46 UTC], ["updated_at", 2017-06-13 22:51:46 UTC]]
  [1m[35m (3.5ms)[0m  [1m[36mcommit transaction[0m
  [1m[35m (0.1ms)[0m  [1m[36mbegin transaction[0m
  [1m[35mSQL (4.7ms)[0m  [1m[32mINSERT INTO "annotations" ("body", "gallery_id", "created_at", "updated_at") VALUES (?, ?, ?, ?)[0m  [["body", "Супремати́зм — направление в авангардистском искусстве, основанное в 1-й половине 1910-х годов К. С. Малевичем. Являясь разновидностью абстракционизма, супрематизм выражался в комбинациях разноцветных плоскостей простейших геометрических очертаний."], ["gallery_id", 1], ["created_at", 2017-06-13 22:51:46 UTC], ["updated_at", 2017-06-13 22:51:46 UTC]]
  [1m[35m (3.5ms)[0m  [1m[36mcommit transaction[0m
  [1m[35m (0.1ms)[0m  [1m[36mbegin transaction[0m
  [1m[35mSQL (4.0ms)[0m  [1m[32mINSERT INTO "annotations" ("body", "gallery_id", "created_at", "updated_at") VALUES (?, ?, ?, ?)[0m  [["body", "Куби́зм (фр. Cubisme) — модернистское направление в изобразительном искусстве, прежде всего в живописи, зародившееся в начале XX века во Франции и характеризующееся использованием подчёркнуто геометризованных условных форм, стремлением «раздробить» реальные объекты на стереометрические примитивы."], ["gallery_id", 1], ["created_at", 2017-06-13 22:51:46 UTC], ["updated_at", 2017-06-13 22:51:46 UTC]]
  [1m[35m (3.0ms)[0m  [1m[36mcommit transaction[0m
  [1m[35m (0.1ms)[0m  [1m[36mbegin transaction[0m
  [1m[35mSQL (4.6ms)[0m  [1m[32mINSERT INTO "annotations" ("body", "gallery_id", "created_at", "updated_at") VALUES (?, ?, ?, ?)[0m  [["body", "Минимализм (англ. minimalism от лат. minimus — наименьший) — стиль в дизайне, характеризующийся лаконичностью выразительных средств, простотой, точностью и ясностью композиции. Отвергая классические приёмы творчества и традиционные художественные материалы, минималисты используют промышленные и природные материалы простых геометрических форм, нейтральных цветов (чёрный, серый) и малых объёмов. Истоки минимализма лежат в конструктивизме и функционализме."], ["gallery_id", 1], ["created_at", 2017-06-13 22:51:46 UTC], ["updated_at", 2017-06-13 22:51:46 UTC]]
  [1m[35m (4.3ms)[0m  [1m[36mcommit transaction[0m
  [1m[35m (0.1ms)[0m  [1m[36mbegin transaction[0m
  [1m[35mSQL (5.2ms)[0m  [1m[32mINSERT INTO "annotations" ("body", "gallery_id", "created_at", "updated_at") VALUES (?, ?, ?, ?)[0m  [["body", "Минимализм (англ. minimalism от лат. minimus — наименьший) — стиль в дизайне, характеризующийся лаконичностью выразительных средств, простотой, точностью и ясностью композиции. Отвергая классические приёмы творчества и традиционные художественные материалы, минималисты используют промышленные и природные материалы простых геометрических форм, нейтральных цветов (чёрный, серый) и малых объёмов. Истоки минимализма лежат в конструктивизме и функционализме."], ["gallery_id", 1], ["created_at", 2017-06-13 22:51:46 UTC], ["updated_at", 2017-06-13 22:51:46 UTC]]
  [1m[35m (3.7ms)[0m  [1m[36mcommit transaction[0m
  [1m[35m (0.1ms)[0m  [1m[36mbegin transaction[0m
  [1m[35mSQL (4.3ms)[0m  [1m[32mINSERT INTO "exhibitions" ("artwork_id", "gallery_id", "created_at", "updated_at") VALUES (?, ?, ?, ?)[0m  [["artwork_id", 4], ["gallery_id", 2], ["created_at", 2017-06-13 22:51:46 UTC], ["updated_at", 2017-06-13 22:51:46 UTC]]
  [1m[35m (3.5ms)[0m  [1m[36mcommit transaction[0m
  [1m[35m (0.1ms)[0m  [1m[36mbegin transaction[0m
  [1m[35mSQL (4.2ms)[0m  [1m[32mINSERT INTO "exhibitions" ("artwork_id", "gallery_id", "created_at", "updated_at") VALUES (?, ?, ?, ?)[0m  [["artwork_id", 1], ["gallery_id", 2], ["created_at", 2017-06-13 22:51:46 UTC], ["updated_at", 2017-06-13 22:51:46 UTC]]
  [1m[35m (3.6ms)[0m  [1m[36mcommit transaction[0m
  [1m[35m (0.1ms)[0m  [1m[36mbegin transaction[0m
  [1m[35mSQL (3.9ms)[0m  [1m[32mINSERT INTO "exhibitions" ("artwork_id", "gallery_id", "created_at", "updated_at") VALUES (?, ?, ?, ?)[0m  [["artwork_id", 3], ["gallery_id", 2], ["created_at", 2017-06-13 22:51:46 UTC], ["updated_at", 2017-06-13 22:51:46 UTC]]
  [1m[35m (4.3ms)[0m  [1m[36mcommit transaction[0m
  [1m[35m (0.1ms)[0m  [1m[36mbegin transaction[0m
  [1m[35mSQL (4.2ms)[0m  [1m[32mINSERT INTO "exhibitions" ("artwork_id", "gallery_id", "created_at", "updated_at") VALUES (?, ?, ?, ?)[0m  [["artwork_id", 2], ["gallery_id", 2], ["created_at", 2017-06-13 22:51:46 UTC], ["updated_at", 2017-06-13 22:51:46 UTC]]
  [1m[35m (4.0ms)[0m  [1m[36mcommit transaction[0m
  [1m[35m (0.1ms)[0m  [1m[36mbegin transaction[0m
  [1m[35mSQL (3.3ms)[0m  [1m[32mINSERT INTO "exhibitions" ("artwork_id", "gallery_id", "created_at", "updated_at") VALUES (?, ?, ?, ?)[0m  [["artwork_id", 4], ["gallery_id", 2], ["created_at", 2017-06-13 22:51:46 UTC], ["updated_at", 2017-06-13 22:51:46 UTC]]
  [1m[35m (3.5ms)[0m  [1m[36mcommit transaction[0m
  [1m[35m (0.1ms)[0m  [1m[36mbegin transaction[0m
  [1m[35mSQL (4.6ms)[0m  [1m[32mINSERT INTO "exhibitions" ("artwork_id", "gallery_id", "created_at", "updated_at") VALUES (?, ?, ?, ?)[0m  [["artwork_id", 4], ["gallery_id", 2], ["created_at", 2017-06-13 22:51:46 UTC], ["updated_at", 2017-06-13 22:51:46 UTC]]
  [1m[35m (3.6ms)[0m  [1m[36mcommit transaction[0m
  [1m[35m (0.1ms)[0m  [1m[36mbegin transaction[0m
  [1m[35mSQL (3.8ms)[0m  [1m[32mINSERT INTO "exhibitions" ("artwork_id", "gallery_id", "created_at", "updated_at") VALUES (?, ?, ?, ?)[0m  [["artwork_id", 3], ["gallery_id", 2], ["created_at", 2017-06-13 22:51:46 UTC], ["updated_at", 2017-06-13 22:51:46 UTC]]
  [1m[35m (4.0ms)[0m  [1m[36mcommit transaction[0m
  [1m[35m (0.1ms)[0m  [1m[36mbegin transaction[0m
  [1m[35mSQL (3.9ms)[0m  [1m[32mINSERT INTO "exhibitions" ("artwork_id", "gallery_id", "created_at", "updated_at") VALUES (?, ?, ?, ?)[0m  [["artwork_id", 7], ["gallery_id", 2], ["created_at", 2017-06-13 22:51:46 UTC], ["updated_at", 2017-06-13 22:51:46 UTC]]
  [1m[35m (3.7ms)[0m  [1m[36mcommit transaction[0m
  [1m[35m (0.1ms)[0m  [1m[36mbegin transaction[0m
  [1m[35mSQL (4.3ms)[0m  [1m[32mINSERT INTO "exhibitions" ("artwork_id", "gallery_id", "created_at", "updated_at") VALUES (?, ?, ?, ?)[0m  [["artwork_id", 2], ["gallery_id", 2], ["created_at", 2017-06-13 22:51:46 UTC], ["updated_at", 2017-06-13 22:51:46 UTC]]
  [1m[35m (3.6ms)[0m  [1m[36mcommit transaction[0m
  [1m[35m (0.1ms)[0m  [1m[36mbegin transaction[0m
  [1m[35mSQL (4.5ms)[0m  [1m[32mINSERT INTO "exhibitions" ("artwork_id", "gallery_id", "created_at", "updated_at") VALUES (?, ?, ?, ?)[0m  [["artwork_id", 7], ["gallery_id", 2], ["created_at", 2017-06-13 22:51:46 UTC], ["updated_at", 2017-06-13 22:51:46 UTC]]
  [1m[35m (3.9ms)[0m  [1m[36mcommit transaction[0m
  [1m[35m (0.1ms)[0m  [1m[36mbegin transaction[0m
  [1m[35mSQL (4.2ms)[0m  [1m[32mINSERT INTO "exhibitions" ("artwork_id", "gallery_id", "created_at", "updated_at") VALUES (?, ?, ?, ?)[0m  [["artwork_id", 4], ["gallery_id", 2], ["created_at", 2017-06-13 22:51:46 UTC], ["updated_at", 2017-06-13 22:51:46 UTC]]
  [1m[35m (3.6ms)[0m  [1m[36mcommit transaction[0m
  [1m[35m (0.1ms)[0m  [1m[36mbegin transaction[0m
  [1m[35mSQL (3.7ms)[0m  [1m[32mINSERT INTO "exhibitions" ("artwork_id", "gallery_id", "created_at", "updated_at") VALUES (?, ?, ?, ?)[0m  [["artwork_id", 3], ["gallery_id", 2], ["created_at", 2017-06-13 22:51:46 UTC], ["updated_at", 2017-06-13 22:51:46 UTC]]
  [1m[35m (3.2ms)[0m  [1m[36mcommit transaction[0m
  [1m[35m (0.1ms)[0m  [1m[36mbegin transaction[0m
  [1m[35mSQL (4.1ms)[0m  [1m[32mINSERT INTO "exhibitions" ("artwork_id", "gallery_id", "created_at", "updated_at") VALUES (?, ?, ?, ?)[0m  [["artwork_id", 5], ["gallery_id", 2], ["created_at", 2017-06-13 22:51:46 UTC], ["updated_at", 2017-06-13 22:51:46 UTC]]
  [1m[35m (3.3ms)[0m  [1m[36mcommit transaction[0m
  [1m[35m (0.1ms)[0m  [1m[36mbegin transaction[0m
  [1m[35mSQL (4.5ms)[0m  [1m[32mINSERT INTO "exhibitions" ("artwork_id", "gallery_id", "created_at", "updated_at") VALUES (?, ?, ?, ?)[0m  [["artwork_id", 10], ["gallery_id", 2], ["created_at", 2017-06-13 22:51:46 UTC], ["updated_at", 2017-06-13 22:51:46 UTC]]
  [1m[35m (4.9ms)[0m  [1m[36mcommit transaction[0m
  [1m[35m (0.1ms)[0m  [1m[36mbegin transaction[0m
  [1m[35mSQL (3.7ms)[0m  [1m[32mINSERT INTO "exhibitions" ("artwork_id", "gallery_id", "created_at", "updated_at") VALUES (?, ?, ?, ?)[0m  [["artwork_id", 9], ["gallery_id", 2], ["created_at", 2017-06-13 22:51:46 UTC], ["updated_at", 2017-06-13 22:51:46 UTC]]
  [1m[35m (4.1ms)[0m  [1m[36mcommit transaction[0m
  [1m[35m (0.1ms)[0m  [1m[36mbegin transaction[0m
  [1m[35mSQL (3.9ms)[0m  [1m[32mINSERT INTO "exhibitions" ("artwork_id", "gallery_id", "created_at", "updated_at") VALUES (?, ?, ?, ?)[0m  [["artwork_id", 4], ["gallery_id", 2], ["created_at", 2017-06-13 22:51:46 UTC], ["updated_at", 2017-06-13 22:51:46 UTC]]
  [1m[35m (3.4ms)[0m  [1m[36mcommit transaction[0m
  [1m[35m (0.3ms)[0m  [1m[36mbegin transaction[0m
  [1m[35mSQL (4.8ms)[0m  [1m[32mINSERT INTO "exhibitions" ("artwork_id", "gallery_id", "created_at", "updated_at") VALUES (?, ?, ?, ?)[0m  [["artwork_id", 6], ["gallery_id", 2], ["created_at", 2017-06-13 22:51:46 UTC], ["updated_at", 2017-06-13 22:51:46 UTC]]
  [1m[35m (3.5ms)[0m  [1m[36mcommit transaction[0m
  [1m[35m (0.1ms)[0m  [1m[36mbegin transaction[0m
  [1m[35mSQL (4.6ms)[0m  [1m[32mINSERT INTO "exhibitions" ("artwork_id", "gallery_id", "created_at", "updated_at") VALUES (?, ?, ?, ?)[0m  [["artwork_id", 6], ["gallery_id", 2], ["created_at", 2017-06-13 22:51:46 UTC], ["updated_at", 2017-06-13 22:51:46 UTC]]
  [1m[35m (4.0ms)[0m  [1m[36mcommit transaction[0m
  [1m[35m (0.1ms)[0m  [1m[36mbegin transaction[0m
  [1m[35mSQL (3.6ms)[0m  [1m[32mINSERT INTO "exhibitions" ("artwork_id", "gallery_id", "created_at", "updated_at") VALUES (?, ?, ?, ?)[0m  [["artwork_id", 9], ["gallery_id", 2], ["created_at", 2017-06-13 22:51:46 UTC], ["updated_at", 2017-06-13 22:51:46 UTC]]
  [1m[35m (3.6ms)[0m  [1m[36mcommit transaction[0m
  [1m[35m (0.1ms)[0m  [1m[36mbegin transaction[0m
  [1m[35mSQL (4.4ms)[0m  [1m[32mINSERT INTO "exhibitions" ("artwork_id", "gallery_id", "created_at", "updated_at") VALUES (?, ?, ?, ?)[0m  [["artwork_id", 2], ["gallery_id", 2], ["created_at", 2017-06-13 22:51:46 UTC], ["updated_at", 2017-06-13 22:51:46 UTC]]
  [1m[35m (3.5ms)[0m  [1m[36mcommit transaction[0m
  [1m[35m (0.1ms)[0m  [1m[36mbegin transaction[0m
  [1m[35mSQL (4.1ms)[0m  [1m[32mINSERT INTO "annotations" ("body", "gallery_id", "created_at", "updated_at") VALUES (?, ?, ?, ?)[0m  [["body", "Куби́зм (фр. Cubisme) — модернистское направление в изобразительном искусстве, прежде всего в живописи, зародившееся в начале XX века во Франции и характеризующееся использованием подчёркнуто геометризованных условных форм, стремлением «раздробить» реальные объекты на стереометрические примитивы."], ["gallery_id", 2], ["created_at", 2017-06-13 22:51:46 UTC], ["updated_at", 2017-06-13 22:51:46 UTC]]
  [1m[35m (3.9ms)[0m  [1m[36mcommit transaction[0m
  [1m[35m (0.2ms)[0m  [1m[36mbegin transaction[0m
  [1m[35mSQL (4.4ms)[0m  [1m[32mINSERT INTO "annotations" ("body", "gallery_id", "created_at", "updated_at") VALUES (?, ?, ?, ?)[0m  [["body", "Супремати́зм — направление в авангардистском искусстве, основанное в 1-й половине 1910-х годов К. С. Малевичем. Являясь разновидностью абстракционизма, супрематизм выражался в комбинациях разноцветных плоскостей простейших геометрических очертаний."], ["gallery_id", 2], ["created_at", 2017-06-13 22:51:46 UTC], ["updated_at", 2017-06-13 22:51:46 UTC]]
  [1m[35m (3.4ms)[0m  [1m[36mcommit transaction[0m
  [1m[35m (0.1ms)[0m  [1m[36mbegin transaction[0m
  [1m[35mSQL (4.1ms)[0m  [1m[32mINSERT INTO "annotations" ("body", "gallery_id", "created_at", "updated_at") VALUES (?, ?, ?, ?)[0m  [["body", "Супремати́зм — направление в авангардистском искусстве, основанное в 1-й половине 1910-х годов К. С. Малевичем. Являясь разновидностью абстракционизма, супрематизм выражался в комбинациях разноцветных плоскостей простейших геометрических очертаний."], ["gallery_id", 2], ["created_at", 2017-06-13 22:51:46 UTC], ["updated_at", 2017-06-13 22:51:46 UTC]]
  [1m[35m (3.3ms)[0m  [1m[36mcommit transaction[0m
  [1m[35m (0.1ms)[0m  [1m[36mbegin transaction[0m
  [1m[35mSQL (3.2ms)[0m  [1m[32mINSERT INTO "annotations" ("body", "gallery_id", "created_at", "updated_at") VALUES (?, ?, ?, ?)[0m  [["body", "Супремати́зм — направление в авангардистском искусстве, основанное в 1-й половине 1910-х годов К. С. Малевичем. Являясь разновидностью абстракционизма, супрематизм выражался в комбинациях разноцветных плоскостей простейших геометрических очертаний."], ["gallery_id", 2], ["created_at", 2017-06-13 22:51:46 UTC], ["updated_at", 2017-06-13 22:51:46 UTC]]
  [1m[35m (3.5ms)[0m  [1m[36mcommit transaction[0m
  [1m[35m (0.1ms)[0m  [1m[36mbegin transaction[0m
  [1m[35mSQL (3.4ms)[0m  [1m[32mINSERT INTO "annotations" ("body", "gallery_id", "created_at", "updated_at") VALUES (?, ?, ?, ?)[0m  [["body", "Аванга́рд (фр. avant-garde — передовой отряд), авангарди́зм — обобщающее название течений в мировом, прежде всего в европейском искусстве, возникших на рубеже XIX и XX веков."], ["gallery_id", 2], ["created_at", 2017-06-13 22:51:46 UTC], ["updated_at", 2017-06-13 22:51:46 UTC]]
  [1m[35m (4.6ms)[0m  [1m[36mcommit transaction[0m
  [1m[35m (0.1ms)[0m  [1m[36mbegin transaction[0m
  [1m[35mSQL (3.9ms)[0m  [1m[32mINSERT INTO "exhibitions" ("artwork_id", "gallery_id", "created_at", "updated_at") VALUES (?, ?, ?, ?)[0m  [["artwork_id", 1], ["gallery_id", 3], ["created_at", 2017-06-13 22:51:46 UTC], ["updated_at", 2017-06-13 22:51:46 UTC]]
  [1m[35m (3.3ms)[0m  [1m[36mcommit transaction[0m
  [1m[35m (0.1ms)[0m  [1m[36mbegin transaction[0m
  [1m[35mSQL (4.1ms)[0m  [1m[32mINSERT INTO "exhibitions" ("artwork_id", "gallery_id", "created_at", "updated_at") VALUES (?, ?, ?, ?)[0m  [["artwork_id", 7], ["gallery_id", 3], ["created_at", 2017-06-13 22:51:46 UTC], ["updated_at", 2017-06-13 22:51:46 UTC]]
  [1m[35m (3.6ms)[0m  [1m[36mcommit transaction[0m
  [1m[35m (0.1ms)[0m  [1m[36mbegin transaction[0m
  [1m[35mSQL (3.5ms)[0m  [1m[32mINSERT INTO "exhibitions" ("artwork_id", "gallery_id", "created_at", "updated_at") VALUES (?, ?, ?, ?)[0m  [["artwork_id", 5], ["gallery_id", 3], ["created_at", 2017-06-13 22:51:46 UTC], ["updated_at", 2017-06-13 22:51:46 UTC]]
  [1m[35m (3.7ms)[0m  [1m[36mcommit transaction[0m
  [1m[35m (0.6ms)[0m  [1m[36mbegin transaction[0m
  [1m[35mSQL (4.1ms)[0m  [1m[32mINSERT INTO "exhibitions" ("artwork_id", "gallery_id", "created_at", "updated_at") VALUES (?, ?, ?, ?)[0m  [["artwork_id", 2], ["gallery_id", 3], ["created_at", 2017-06-13 22:51:46 UTC], ["updated_at", 2017-06-13 22:51:46 UTC]]
  [1m[35m (3.6ms)[0m  [1m[36mcommit transaction[0m
  [1m[35m (0.1ms)[0m  [1m[36mbegin transaction[0m
  [1m[35mSQL (4.0ms)[0m  [1m[32mINSERT INTO "exhibitions" ("artwork_id", "gallery_id", "created_at", "updated_at") VALUES (?, ?, ?, ?)[0m  [["artwork_id", 6], ["gallery_id", 3], ["created_at", 2017-06-13 22:51:46 UTC], ["updated_at", 2017-06-13 22:51:46 UTC]]
  [1m[35m (3.8ms)[0m  [1m[36mcommit transaction[0m
  [1m[35m (0.1ms)[0m  [1m[36mbegin transaction[0m
  [1m[35mSQL (3.9ms)[0m  [1m[32mINSERT INTO "exhibitions" ("artwork_id", "gallery_id", "created_at", "updated_at") VALUES (?, ?, ?, ?)[0m  [["artwork_id", 1], ["gallery_id", 3], ["created_at", 2017-06-13 22:51:46 UTC], ["updated_at", 2017-06-13 22:51:46 UTC]]
  [1m[35m (3.4ms)[0m  [1m[36mcommit transaction[0m
  [1m[35m (0.1ms)[0m  [1m[36mbegin transaction[0m
  [1m[35mSQL (3.9ms)[0m  [1m[32mINSERT INTO "exhibitions" ("artwork_id", "gallery_id", "created_at", "updated_at") VALUES (?, ?, ?, ?)[0m  [["artwork_id", 8], ["gallery_id", 3], ["created_at", 2017-06-13 22:51:46 UTC], ["updated_at", 2017-06-13 22:51:46 UTC]]
  [1m[35m (3.2ms)[0m  [1m[36mcommit transaction[0m
  [1m[35m (0.1ms)[0m  [1m[36mbegin transaction[0m
  [1m[35mSQL (2.8ms)[0m  [1m[32mINSERT INTO "exhibitions" ("artwork_id", "gallery_id", "created_at", "updated_at") VALUES (?, ?, ?, ?)[0m  [["artwork_id", 2], ["gallery_id", 3], ["created_at", 2017-06-13 22:51:46 UTC], ["updated_at", 2017-06-13 22:51:46 UTC]]
  [1m[35m (7.0ms)[0m  [1m[36mcommit transaction[0m
  [1m[35m (0.1ms)[0m  [1m[36mbegin transaction[0m
  [1m[35mSQL (4.6ms)[0m  [1m[32mINSERT INTO "exhibitions" ("artwork_id", "gallery_id", "created_at", "updated_at") VALUES (?, ?, ?, ?)[0m  [["artwork_id", 3], ["gallery_id", 3], ["created_at", 2017-06-13 22:51:46 UTC], ["updated_at", 2017-06-13 22:51:46 UTC]]
  [1m[35m (4.9ms)[0m  [1m[36mcommit transaction[0m
  [1m[35m (0.1ms)[0m  [1m[36mbegin transaction[0m
  [1m[35mSQL (3.6ms)[0m  [1m[32mINSERT INTO "exhibitions" ("artwork_id", "gallery_id", "created_at", "updated_at") VALUES (?, ?, ?, ?)[0m  [["artwork_id", 2], ["gallery_id", 3], ["created_at", 2017-06-13 22:51:46 UTC], ["updated_at", 2017-06-13 22:51:46 UTC]]
  [1m[35m (3.4ms)[0m  [1m[36mcommit transaction[0m
  [1m[35m (0.1ms)[0m  [1m[36mbegin transaction[0m
  [1m[35mSQL (3.9ms)[0m  [1m[32mINSERT INTO "exhibitions" ("artwork_id", "gallery_id", "created_at", "updated_at") VALUES (?, ?, ?, ?)[0m  [["artwork_id", 10], ["gallery_id", 3], ["created_at", 2017-06-13 22:51:46 UTC], ["updated_at", 2017-06-13 22:51:46 UTC]]
  [1m[35m (4.0ms)[0m  [1m[36mcommit transaction[0m
  [1m[35m (0.1ms)[0m  [1m[36mbegin transaction[0m
  [1m[35mSQL (4.8ms)[0m  [1m[32mINSERT INTO "exhibitions" ("artwork_id", "gallery_id", "created_at", "updated_at") VALUES (?, ?, ?, ?)[0m  [["artwork_id", 7], ["gallery_id", 3], ["created_at", 2017-06-13 22:51:46 UTC], ["updated_at", 2017-06-13 22:51:46 UTC]]
  [1m[35m (4.3ms)[0m  [1m[36mcommit transaction[0m
  [1m[35m (0.1ms)[0m  [1m[36mbegin transaction[0m
  [1m[35mSQL (4.3ms)[0m  [1m[32mINSERT INTO "exhibitions" ("artwork_id", "gallery_id", "created_at", "updated_at") VALUES (?, ?, ?, ?)[0m  [["artwork_id", 9], ["gallery_id", 3], ["created_at", 2017-06-13 22:51:46 UTC], ["updated_at", 2017-06-13 22:51:46 UTC]]
  [1m[35m (3.8ms)[0m  [1m[36mcommit transaction[0m
  [1m[35m (0.1ms)[0m  [1m[36mbegin transaction[0m
  [1m[35mSQL (3.8ms)[0m  [1m[32mINSERT INTO "exhibitions" ("artwork_id", "gallery_id", "created_at", "updated_at") VALUES (?, ?, ?, ?)[0m  [["artwork_id", 8], ["gallery_id", 3], ["created_at", 2017-06-13 22:51:46 UTC], ["updated_at", 2017-06-13 22:51:46 UTC]]
  [1m[35m (3.5ms)[0m  [1m[36mcommit transaction[0m
  [1m[35m (0.1ms)[0m  [1m[36mbegin transaction[0m
  [1m[35mSQL (4.4ms)[0m  [1m[32mINSERT INTO "exhibitions" ("artwork_id", "gallery_id", "created_at", "updated_at") VALUES (?, ?, ?, ?)[0m  [["artwork_id", 10], ["gallery_id", 3], ["created_at", 2017-06-13 22:51:46 UTC], ["updated_at", 2017-06-13 22:51:46 UTC]]
  [1m[35m (4.3ms)[0m  [1m[36mcommit transaction[0m
  [1m[35m (0.1ms)[0m  [1m[36mbegin transaction[0m
  [1m[35mSQL (5.2ms)[0m  [1m[32mINSERT INTO "exhibitions" ("artwork_id", "gallery_id", "created_at", "updated_at") VALUES (?, ?, ?, ?)[0m  [["artwork_id", 10], ["gallery_id", 3], ["created_at", 2017-06-13 22:51:46 UTC], ["updated_at", 2017-06-13 22:51:46 UTC]]
  [1m[35m (3.9ms)[0m  [1m[36mcommit transaction[0m
  [1m[35m (0.1ms)[0m  [1m[36mbegin transaction[0m
  [1m[35mSQL (3.9ms)[0m  [1m[32mINSERT INTO "exhibitions" ("artwork_id", "gallery_id", "created_at", "updated_at") VALUES (?, ?, ?, ?)[0m  [["artwork_id", 9], ["gallery_id", 3], ["created_at", 2017-06-13 22:51:46 UTC], ["updated_at", 2017-06-13 22:51:46 UTC]]
  [1m[35m (3.4ms)[0m  [1m[36mcommit transaction[0m
  [1m[35m (0.1ms)[0m  [1m[36mbegin transaction[0m
  [1m[35mSQL (3.6ms)[0m  [1m[32mINSERT INTO "exhibitions" ("artwork_id", "gallery_id", "created_at", "updated_at") VALUES (?, ?, ?, ?)[0m  [["artwork_id", 10], ["gallery_id", 3], ["created_at", 2017-06-13 22:51:46 UTC], ["updated_at", 2017-06-13 22:51:46 UTC]]
  [1m[35m (3.6ms)[0m  [1m[36mcommit transaction[0m
  [1m[35m (0.1ms)[0m  [1m[36mbegin transaction[0m
  [1m[35mSQL (3.7ms)[0m  [1m[32mINSERT INTO "exhibitions" ("artwork_id", "gallery_id", "created_at", "updated_at") VALUES (?, ?, ?, ?)[0m  [["artwork_id", 9], ["gallery_id", 3], ["created_at", 2017-06-13 22:51:46 UTC], ["updated_at", 2017-06-13 22:51:46 UTC]]
  [1m[35m (3.9ms)[0m  [1m[36mcommit transaction[0m
  [1m[35m (0.1ms)[0m  [1m[36mbegin transaction[0m
  [1m[35mSQL (3.6ms)[0m  [1m[32mINSERT INTO "exhibitions" ("artwork_id", "gallery_id", "created_at", "updated_at") VALUES (?, ?, ?, ?)[0m  [["artwork_id", 1], ["gallery_id", 3], ["created_at", 2017-06-13 22:51:46 UTC], ["updated_at", 2017-06-13 22:51:46 UTC]]
  [1m[35m (5.7ms)[0m  [1m[36mcommit transaction[0m
  [1m[35m (0.1ms)[0m  [1m[36mbegin transaction[0m
  [1m[35mSQL (3.6ms)[0m  [1m[32mINSERT INTO "annotations" ("body", "gallery_id", "created_at", "updated_at") VALUES (?, ?, ?, ?)[0m  [["body", "Куби́зм (фр. Cubisme) — модернистское направление в изобразительном искусстве, прежде всего в живописи, зародившееся в начале XX века во Франции и характеризующееся использованием подчёркнуто геометризованных условных форм, стремлением «раздробить» реальные объекты на стереометрические примитивы."], ["gallery_id", 3], ["created_at", 2017-06-13 22:51:46 UTC], ["updated_at", 2017-06-13 22:51:46 UTC]]
  [1m[35m (3.4ms)[0m  [1m[36mcommit transaction[0m
  [1m[35m (0.1ms)[0m  [1m[36mbegin transaction[0m
  [1m[35mSQL (4.1ms)[0m  [1m[32mINSERT INTO "annotations" ("body", "gallery_id", "created_at", "updated_at") VALUES (?, ?, ?, ?)[0m  [["body", "Куби́зм (фр. Cubisme) — модернистское направление в изобразительном искусстве, прежде всего в живописи, зародившееся в начале XX века во Франции и характеризующееся использованием подчёркнуто геометризованных условных форм, стремлением «раздробить» реальные объекты на стереометрические примитивы."], ["gallery_id", 3], ["created_at", 2017-06-13 22:51:46 UTC], ["updated_at", 2017-06-13 22:51:46 UTC]]
  [1m[35m (3.9ms)[0m  [1m[36mcommit transaction[0m
  [1m[35m (0.3ms)[0m  [1m[36mbegin transaction[0m
  [1m[35mSQL (4.5ms)[0m  [1m[32mINSERT INTO "annotations" ("body", "gallery_id", "created_at", "updated_at") VALUES (?, ?, ?, ?)[0m  [["body", "Супремати́зм — направление в авангардистском искусстве, основанное в 1-й половине 1910-х годов К. С. Малевичем. Являясь разновидностью абстракционизма, супрематизм выражался в комбинациях разноцветных плоскостей простейших геометрических очертаний."], ["gallery_id", 3], ["created_at", 2017-06-13 22:51:46 UTC], ["updated_at", 2017-06-13 22:51:46 UTC]]
  [1m[35m (7.4ms)[0m  [1m[36mcommit transaction[0m
  [1m[35m (0.1ms)[0m  [1m[36mbegin transaction[0m
  [1m[35mSQL (4.9ms)[0m  [1m[32mINSERT INTO "annotations" ("body", "gallery_id", "created_at", "updated_at") VALUES (?, ?, ?, ?)[0m  [["body", "Аванга́рд (фр. avant-garde — передовой отряд), авангарди́зм — обобщающее название течений в мировом, прежде всего в европейском искусстве, возникших на рубеже XIX и XX веков."], ["gallery_id", 3], ["created_at", 2017-06-13 22:51:46 UTC], ["updated_at", 2017-06-13 22:51:46 UTC]]
  [1m[35m (4.0ms)[0m  [1m[36mcommit transaction[0m
  [1m[35m (0.1ms)[0m  [1m[36mbegin transaction[0m
  [1m[35mSQL (4.2ms)[0m  [1m[32mINSERT INTO "annotations" ("body", "gallery_id", "created_at", "updated_at") VALUES (?, ?, ?, ?)[0m  [["body", "Минимализм (англ. minimalism от лат. minimus — наименьший) — стиль в дизайне, характеризующийся лаконичностью выразительных средств, простотой, точностью и ясностью композиции. Отвергая классические приёмы творчества и традиционные художественные материалы, минималисты используют промышленные и природные материалы простых геометрических форм, нейтральных цветов (чёрный, серый) и малых объёмов. Истоки минимализма лежат в конструктивизме и функционализме."], ["gallery_id", 3], ["created_at", 2017-06-13 22:51:46 UTC], ["updated_at", 2017-06-13 22:51:46 UTC]]
  [1m[35m (3.6ms)[0m  [1m[36mcommit transaction[0m
  [1m[35m (0.1ms)[0m  [1m[36mbegin transaction[0m
  [1m[35mSQL (3.4ms)[0m  [1m[32mINSERT INTO "exhibitions" ("artwork_id", "gallery_id", "created_at", "updated_at") VALUES (?, ?, ?, ?)[0m  [["artwork_id", 7], ["gallery_id", 4], ["created_at", 2017-06-13 22:51:46 UTC], ["updated_at", 2017-06-13 22:51:46 UTC]]
  [1m[35m (3.5ms)[0m  [1m[36mcommit transaction[0m
  [1m[35m (0.1ms)[0m  [1m[36mbegin transaction[0m
  [1m[35mSQL (5.3ms)[0m  [1m[32mINSERT INTO "exhibitions" ("artwork_id", "gallery_id", "created_at", "updated_at") VALUES (?, ?, ?, ?)[0m  [["artwork_id", 6], ["gallery_id", 4], ["created_at", 2017-06-13 22:51:46 UTC], ["updated_at", 2017-06-13 22:51:46 UTC]]
  [1m[35m (3.8ms)[0m  [1m[36mcommit transaction[0m
  [1m[35m (0.1ms)[0m  [1m[36mbegin transaction[0m
  [1m[35mSQL (3.6ms)[0m  [1m[32mINSERT INTO "exhibitions" ("artwork_id", "gallery_id", "created_at", "updated_at") VALUES (?, ?, ?, ?)[0m  [["artwork_id", 3], ["gallery_id", 4], ["created_at", 2017-06-13 22:51:46 UTC], ["updated_at", 2017-06-13 22:51:46 UTC]]
  [1m[35m (3.4ms)[0m  [1m[36mcommit transaction[0m
  [1m[35m (0.1ms)[0m  [1m[36mbegin transaction[0m
  [1m[35mSQL (4.2ms)[0m  [1m[32mINSERT INTO "exhibitions" ("artwork_id", "gallery_id", "created_at", "updated_at") VALUES (?, ?, ?, ?)[0m  [["artwork_id", 9], ["gallery_id", 4], ["created_at", 2017-06-13 22:51:46 UTC], ["updated_at", 2017-06-13 22:51:46 UTC]]
  [1m[35m (3.9ms)[0m  [1m[36mcommit transaction[0m
  [1m[35m (0.1ms)[0m  [1m[36mbegin transaction[0m
  [1m[35mSQL (3.4ms)[0m  [1m[32mINSERT INTO "exhibitions" ("artwork_id", "gallery_id", "created_at", "updated_at") VALUES (?, ?, ?, ?)[0m  [["artwork_id", 2], ["gallery_id", 4], ["created_at", 2017-06-13 22:51:46 UTC], ["updated_at", 2017-06-13 22:51:46 UTC]]
  [1m[35m (3.5ms)[0m  [1m[36mcommit transaction[0m
  [1m[35m (0.1ms)[0m  [1m[36mbegin transaction[0m
  [1m[35mSQL (3.9ms)[0m  [1m[32mINSERT INTO "exhibitions" ("artwork_id", "gallery_id", "created_at", "updated_at") VALUES (?, ?, ?, ?)[0m  [["artwork_id", 8], ["gallery_id", 4], ["created_at", 2017-06-13 22:51:46 UTC], ["updated_at", 2017-06-13 22:51:46 UTC]]
  [1m[35m (3.8ms)[0m  [1m[36mcommit transaction[0m
  [1m[35m (0.1ms)[0m  [1m[36mbegin transaction[0m
  [1m[35mSQL (3.8ms)[0m  [1m[32mINSERT INTO "exhibitions" ("artwork_id", "gallery_id", "created_at", "updated_at") VALUES (?, ?, ?, ?)[0m  [["artwork_id", 5], ["gallery_id", 4], ["created_at", 2017-06-13 22:51:46 UTC], ["updated_at", 2017-06-13 22:51:46 UTC]]
  [1m[35m (4.3ms)[0m  [1m[36mcommit transaction[0m
  [1m[35m (0.1ms)[0m  [1m[36mbegin transaction[0m
  [1m[35mSQL (4.0ms)[0m  [1m[32mINSERT INTO "exhibitions" ("artwork_id", "gallery_id", "created_at", "updated_at") VALUES (?, ?, ?, ?)[0m  [["artwork_id", 1], ["gallery_id", 4], ["created_at", 2017-06-13 22:51:46 UTC], ["updated_at", 2017-06-13 22:51:46 UTC]]
  [1m[35m (3.5ms)[0m  [1m[36mcommit transaction[0m
  [1m[35m (0.1ms)[0m  [1m[36mbegin transaction[0m
  [1m[35mSQL (3.5ms)[0m  [1m[32mINSERT INTO "exhibitions" ("artwork_id", "gallery_id", "created_at", "updated_at") VALUES (?, ?, ?, ?)[0m  [["artwork_id", 10], ["gallery_id", 4], ["created_at", 2017-06-13 22:51:47 UTC], ["updated_at", 2017-06-13 22:51:47 UTC]]
  [1m[35m (3.7ms)[0m  [1m[36mcommit transaction[0m
  [1m[35m (0.1ms)[0m  [1m[36mbegin transaction[0m
  [1m[35mSQL (4.6ms)[0m  [1m[32mINSERT INTO "exhibitions" ("artwork_id", "gallery_id", "created_at", "updated_at") VALUES (?, ?, ?, ?)[0m  [["artwork_id", 3], ["gallery_id", 4], ["created_at", 2017-06-13 22:51:47 UTC], ["updated_at", 2017-06-13 22:51:47 UTC]]
  [1m[35m (4.4ms)[0m  [1m[36mcommit transaction[0m
  [1m[35m (0.1ms)[0m  [1m[36mbegin transaction[0m
  [1m[35mSQL (3.3ms)[0m  [1m[32mINSERT INTO "exhibitions" ("artwork_id", "gallery_id", "created_at", "updated_at") VALUES (?, ?, ?, ?)[0m  [["artwork_id", 10], ["gallery_id", 4], ["created_at", 2017-06-13 22:51:47 UTC], ["updated_at", 2017-06-13 22:51:47 UTC]]
  [1m[35m (3.4ms)[0m  [1m[36mcommit transaction[0m
  [1m[35m (0.1ms)[0m  [1m[36mbegin transaction[0m
  [1m[35mSQL (4.1ms)[0m  [1m[32mINSERT INTO "exhibitions" ("artwork_id", "gallery_id", "created_at", "updated_at") VALUES (?, ?, ?, ?)[0m  [["artwork_id", 6], ["gallery_id", 4], ["created_at", 2017-06-13 22:51:47 UTC], ["updated_at", 2017-06-13 22:51:47 UTC]]
  [1m[35m (4.3ms)[0m  [1m[36mcommit transaction[0m
  [1m[35m (0.1ms)[0m  [1m[36mbegin transaction[0m
  [1m[35mSQL (4.3ms)[0m  [1m[32mINSERT INTO "exhibitions" ("artwork_id", "gallery_id", "created_at", "updated_at") VALUES (?, ?, ?, ?)[0m  [["artwork_id", 6], ["gallery_id", 4], ["created_at", 2017-06-13 22:51:47 UTC], ["updated_at", 2017-06-13 22:51:47 UTC]]
  [1m[35m (5.2ms)[0m  [1m[36mcommit transaction[0m
  [1m[35m (0.1ms)[0m  [1m[36mbegin transaction[0m
  [1m[35mSQL (4.1ms)[0m  [1m[32mINSERT INTO "exhibitions" ("artwork_id", "gallery_id", "created_at", "updated_at") VALUES (?, ?, ?, ?)[0m  [["artwork_id", 4], ["gallery_id", 4], ["created_at", 2017-06-13 22:51:47 UTC], ["updated_at", 2017-06-13 22:51:47 UTC]]
  [1m[35m (3.8ms)[0m  [1m[36mcommit transaction[0m
  [1m[35m (0.1ms)[0m  [1m[36mbegin transaction[0m
  [1m[35mSQL (3.6ms)[0m  [1m[32mINSERT INTO "exhibitions" ("artwork_id", "gallery_id", "created_at", "updated_at") VALUES (?, ?, ?, ?)[0m  [["artwork_id", 6], ["gallery_id", 4], ["created_at", 2017-06-13 22:51:47 UTC], ["updated_at", 2017-06-13 22:51:47 UTC]]
  [1m[35m (3.3ms)[0m  [1m[36mcommit transaction[0m
  [1m[35m (0.1ms)[0m  [1m[36mbegin transaction[0m
  [1m[35mSQL (3.8ms)[0m  [1m[32mINSERT INTO "exhibitions" ("artwork_id", "gallery_id", "created_at", "updated_at") VALUES (?, ?, ?, ?)[0m  [["artwork_id", 7], ["gallery_id", 4], ["created_at", 2017-06-13 22:51:47 UTC], ["updated_at", 2017-06-13 22:51:47 UTC]]
  [1m[35m (4.6ms)[0m  [1m[36mcommit transaction[0m
  [1m[35m (0.1ms)[0m  [1m[36mbegin transaction[0m
  [1m[35mSQL (3.8ms)[0m  [1m[32mINSERT INTO "exhibitions" ("artwork_id", "gallery_id", "created_at", "updated_at") VALUES (?, ?, ?, ?)[0m  [["artwork_id", 1], ["gallery_id", 4], ["created_at", 2017-06-13 22:51:47 UTC], ["updated_at", 2017-06-13 22:51:47 UTC]]
  [1m[35m (3.4ms)[0m  [1m[36mcommit transaction[0m
  [1m[35m (0.6ms)[0m  [1m[36mbegin transaction[0m
  [1m[35mSQL (4.0ms)[0m  [1m[32mINSERT INTO "exhibitions" ("artwork_id", "gallery_id", "created_at", "updated_at") VALUES (?, ?, ?, ?)[0m  [["artwork_id", 4], ["gallery_id", 4], ["created_at", 2017-06-13 22:51:47 UTC], ["updated_at", 2017-06-13 22:51:47 UTC]]
  [1m[35m (3.8ms)[0m  [1m[36mcommit transaction[0m
  [1m[35m (0.1ms)[0m  [1m[36mbegin transaction[0m
  [1m[35mSQL (4.2ms)[0m  [1m[32mINSERT INTO "exhibitions" ("artwork_id", "gallery_id", "created_at", "updated_at") VALUES (?, ?, ?, ?)[0m  [["artwork_id", 3], ["gallery_id", 4], ["created_at", 2017-06-13 22:51:47 UTC], ["updated_at", 2017-06-13 22:51:47 UTC]]
  [1m[35m (3.8ms)[0m  [1m[36mcommit transaction[0m
  [1m[35m (0.6ms)[0m  [1m[36mbegin transaction[0m
  [1m[35mSQL (4.2ms)[0m  [1m[32mINSERT INTO "exhibitions" ("artwork_id", "gallery_id", "created_at", "updated_at") VALUES (?, ?, ?, ?)[0m  [["artwork_id", 5], ["gallery_id", 4], ["created_at", 2017-06-13 22:51:47 UTC], ["updated_at", 2017-06-13 22:51:47 UTC]]
  [1m[35m (5.1ms)[0m  [1m[36mcommit transaction[0m
  [1m[35m (0.1ms)[0m  [1m[36mbegin transaction[0m
  [1m[35mSQL (3.9ms)[0m  [1m[32mINSERT INTO "annotations" ("body", "gallery_id", "created_at", "updated_at") VALUES (?, ?, ?, ?)[0m  [["body", "Минимализм (англ. minimalism от лат. minimus — наименьший) — стиль в дизайне, характеризующийся лаконичностью выразительных средств, простотой, точностью и ясностью композиции. Отвергая классические приёмы творчества и традиционные художественные материалы, минималисты используют промышленные и природные материалы простых геометрических форм, нейтральных цветов (чёрный, серый) и малых объёмов. Истоки минимализма лежат в конструктивизме и функционализме."], ["gallery_id", 4], ["created_at", 2017-06-13 22:51:47 UTC], ["updated_at", 2017-06-13 22:51:47 UTC]]
  [1m[35m (3.2ms)[0m  [1m[36mcommit transaction[0m
  [1m[35m (0.1ms)[0m  [1m[36mbegin transaction[0m
  [1m[35mSQL (4.0ms)[0m  [1m[32mINSERT INTO "annotations" ("body", "gallery_id", "created_at", "updated_at") VALUES (?, ?, ?, ?)[0m  [["body", "Супремати́зм — направление в авангардистском искусстве, основанное в 1-й половине 1910-х годов К. С. Малевичем. Являясь разновидностью абстракционизма, супрематизм выражался в комбинациях разноцветных плоскостей простейших геометрических очертаний."], ["gallery_id", 4], ["created_at", 2017-06-13 22:51:47 UTC], ["updated_at", 2017-06-13 22:51:47 UTC]]
  [1m[35m (2.9ms)[0m  [1m[36mcommit transaction[0m
  [1m[35m (0.1ms)[0m  [1m[36mbegin transaction[0m
  [1m[35mSQL (4.1ms)[0m  [1m[32mINSERT INTO "annotations" ("body", "gallery_id", "created_at", "updated_at") VALUES (?, ?, ?, ?)[0m  [["body", "Минимализм (англ. minimalism от лат. minimus — наименьший) — стиль в дизайне, характеризующийся лаконичностью выразительных средств, простотой, точностью и ясностью композиции. Отвергая классические приёмы творчества и традиционные художественные материалы, минималисты используют промышленные и природные материалы простых геометрических форм, нейтральных цветов (чёрный, серый) и малых объёмов. Истоки минимализма лежат в конструктивизме и функционализме."], ["gallery_id", 4], ["created_at", 2017-06-13 22:51:47 UTC], ["updated_at", 2017-06-13 22:51:47 UTC]]
  [1m[35m (3.6ms)[0m  [1m[36mcommit transaction[0m
  [1m[35m (0.1ms)[0m  [1m[36mbegin transaction[0m
  [1m[35mSQL (2.9ms)[0m  [1m[32mINSERT INTO "annotations" ("body", "gallery_id", "created_at", "updated_at") VALUES (?, ?, ?, ?)[0m  [["body", "Супремати́зм — направление в авангардистском искусстве, основанное в 1-й половине 1910-х годов К. С. Малевичем. Являясь разновидностью абстракционизма, супрематизм выражался в комбинациях разноцветных плоскостей простейших геометрических очертаний."], ["gallery_id", 4], ["created_at", 2017-06-13 22:51:47 UTC], ["updated_at", 2017-06-13 22:51:47 UTC]]
  [1m[35m (3.6ms)[0m  [1m[36mcommit transaction[0m
  [1m[35m (0.1ms)[0m  [1m[36mbegin transaction[0m
  [1m[35mSQL (4.0ms)[0m  [1m[32mINSERT INTO "annotations" ("body", "gallery_id", "created_at", "updated_at") VALUES (?, ?, ?, ?)[0m  [["body", "Супремати́зм — направление в авангардистском искусстве, основанное в 1-й половине 1910-х годов К. С. Малевичем. Являясь разновидностью абстракционизма, супрематизм выражался в комбинациях разноцветных плоскостей простейших геометрических очертаний."], ["gallery_id", 4], ["created_at", 2017-06-13 22:51:47 UTC], ["updated_at", 2017-06-13 22:51:47 UTC]]
  [1m[35m (3.4ms)[0m  [1m[36mcommit transaction[0m
